[22:58:03] [main/INFO]: Environment: authHost='https://authserver.mojang.com', accountsHost='https://api.mojang.com', sessionHost='https://sessionserver.mojang.com', servicesHost='https://api.minecraftservices.com', name='PROD'
[22:58:04] [main/WARN]: Ambiguity between arguments [teleport, destination] and [teleport, targets] with inputs: [Player, 0123, @e, dd12be42-52a9-4a91-a8a1-11c01849e498]
[22:58:04] [main/WARN]: Ambiguity between arguments [teleport, location] and [teleport, destination] with inputs: [0.1 -0.5 .9, 0 0 0]
[22:58:04] [main/WARN]: Ambiguity between arguments [teleport, location] and [teleport, targets] with inputs: [0.1 -0.5 .9, 0 0 0]
[22:58:04] [main/WARN]: Ambiguity between arguments [teleport, targets] and [teleport, destination] with inputs: [Player, 0123, dd12be42-52a9-4a91-a8a1-11c01849e498]
[22:58:04] [main/WARN]: Ambiguity between arguments [teleport, targets, location] and [teleport, targets, destination] with inputs: [0.1 -0.5 .9, 0 0 0]
[22:58:04] [main/INFO]: Reloading ResourceManager: Default
[22:58:06] [Worker-Main-2/INFO]: Loaded 7 recipes
[22:58:06] [Worker-Main-2/INFO]: Loaded 927 advancements
[22:58:09] [Server thread/INFO]: Starting minecraft server version 1.16.5
[22:58:09] [Server thread/INFO]: Loading properties
[22:58:09] [Server thread/INFO]: Default game type: SURVIVAL
[22:58:09] [Server thread/INFO]: Generating keypair
[22:58:09] [Server thread/INFO]: Starting Minecraft server on *:25565
[22:58:09] [Server thread/INFO]: Using epoll channel type
[22:58:10] [Server thread/WARN]: **** SERVER IS RUNNING IN OFFLINE/INSECURE MODE!
[22:58:10] [Server thread/WARN]: The server will make no attempt to authenticate usernames. Beware.
[22:58:10] [Server thread/WARN]: While this makes the game possible to play without internet access, it also opens up the ability for hackers to connect with any username they choose.
[22:58:10] [Server thread/WARN]: To change this, set "online-mode" to "true" in the server.properties file.
[22:58:10] [Server thread/INFO]: Preparing level "world"
[22:58:10] [Server thread/INFO]: Preparing start region for dimension minecraft:overworld
[22:58:12] [Server thread/INFO]: Preparing spawn area: 0%
[22:58:12] [Server thread/INFO]: Preparing spawn area: 0%
[22:58:12] [Server thread/INFO]: Preparing spawn area: 0%
[22:58:12] [Server thread/INFO]: Preparing spawn area: 0%
[22:58:12] [Server thread/INFO]: Preparing spawn area: 0%
[22:58:15] [Worker-Main-2/INFO]: Preparing spawn area: 48%
[22:58:15] [Worker-Main-2/INFO]: Preparing spawn area: 48%
[22:58:15] [Worker-Main-2/INFO]: Preparing spawn area: 48%
[22:58:15] [Worker-Main-2/INFO]: Preparing spawn area: 48%
[22:58:15] [Server thread/INFO]: Preparing spawn area: 48%
[22:58:15] [Server thread/INFO]: Preparing spawn area: 48%
[22:58:15] [Worker-Main-2/INFO]: Preparing spawn area: 48%
[22:58:16] [Worker-Main-2/INFO]: Preparing spawn area: 79%
[22:58:16] [Worker-Main-2/INFO]: Preparing spawn area: 88%
[22:58:17] [Worker-Main-2/INFO]: Preparing spawn area: 96%
[22:58:17] [Server thread/INFO]: Preparing spawn area: 96%
[22:58:18] [Worker-Main-2/INFO]: Preparing spawn area: 97%
[22:58:18] [Worker-Main-2/INFO]: Preparing spawn area: 98%
[22:58:19] [Server thread/INFO]: Time elapsed: 8971 ms
[22:58:19] [Server thread/INFO]: Done (9.118s)! For help, type "help"
[22:58:31] [Server thread/INFO]: Made thetryhards no longer a server operator
[22:58:39] [Server thread/INFO]: thetryhards[/100.116.77.50:52659] logged in with entity id 170 at (-193.72805660023647, 106.22744136460422, -85.95971446334191)
[22:58:39] [Server thread/INFO]: thetryhards joined the game
[22:58:57] [Server thread/INFO]: Incorrect argument for command
[22:58:57] [Server thread/INFO]: /gamemode 0 thetryhards<--[HERE]
[22:59:29] [Server thread/INFO]: Made thetryhards a server operator
[22:59:51] [Server thread/INFO]: [thetryhards: Set own game mode to Survival Mode]
[22:59:54] [Server thread/INFO]: thetryhards lost connection: Disconnected
[22:59:54] [Server thread/INFO]: thetryhards left the game
[23:00:03] [Server thread/INFO]: Made thetryhards no longer a server operator
[23:00:10] [Server thread/INFO]: thetryhards[/100.116.77.50:52686] logged in with entity id 318 at (-193.29753388355707, 90.0, -91.82713408738978)
[23:00:10] [Server thread/INFO]: thetryhards joined the game
[23:00:23] [Server thread/INFO]: Stopping the server
[23:00:24] [Server thread/INFO]: Stopping server
[23:00:24] [Server thread/INFO]: Saving players
[23:00:24] [Server thread/INFO]: Saving worlds
[23:00:24] [Server thread/INFO]: Saving chunks for level 'ServerLevel[world]'/minecraft:overworld
[23:00:25] [Server thread/INFO]: ThreadedAnvilChunkStorage (world): All chunks are saved
[23:00:25] [Server thread/INFO]: Saving chunks for level 'ServerLevel[world]'/minecraft:the_nether
[23:00:25] [Server thread/INFO]: ThreadedAnvilChunkStorage (DIM-1): All chunks are saved
[23:00:25] [Server thread/INFO]: Saving chunks for level 'ServerLevel[world]'/minecraft:the_end
[23:00:25] [Server thread/INFO]: ThreadedAnvilChunkStorage (DIM1): All chunks are saved
[23:00:25] [Server thread/INFO]: ThreadedAnvilChunkStorage (world): All chunks are saved
[23:00:25] [Server thread/INFO]: ThreadedAnvilChunkStorage (DIM-1): All chunks are saved
[23:00:25] [Server thread/INFO]: ThreadedAnvilChunkStorage (DIM1): All chunks are saved
